0 info it worked if it ends with ok
1 verbose cli [ '/usr/bin/node', '/usr/bin/npm', 'install', 'tar' ]
2 info using npm@1.4.28
3 info using node@v0.10.32
4 verbose node symlink /usr/bin/node
5 verbose cache add [ 'tar', null ]
6 verbose cache add name=undefined spec="tar" args=["tar",null]
7 verbose parsed url { protocol: null,
7 verbose parsed url   slashes: null,
7 verbose parsed url   auth: null,
7 verbose parsed url   host: null,
7 verbose parsed url   port: null,
7 verbose parsed url   hostname: null,
7 verbose parsed url   hash: null,
7 verbose parsed url   search: null,
7 verbose parsed url   query: null,
7 verbose parsed url   pathname: 'tar',
7 verbose parsed url   path: 'tar',
7 verbose parsed url   href: 'tar' }
8 silly lockFile 680254ba-tar tar
9 verbose lock tar /home/untung/.npm/680254ba-tar.lock
10 silly lockFile 680254ba-tar tar
11 silly lockFile 680254ba-tar tar
12 verbose addNamed [ 'tar', '' ]
13 verbose addNamed [ null, '*' ]
14 silly lockFile b109c9a3-tar tar@
15 verbose lock tar@ /home/untung/.npm/b109c9a3-tar.lock
16 silly addNameRange { name: 'tar', range: '*', hasData: false }
17 verbose request where is /tar
18 verbose request registry https://registry.npmjs.org/
19 verbose request id 7a1370e823c682dd
20 verbose url raw /tar
21 verbose url resolving [ 'https://registry.npmjs.org/', './tar' ]
22 verbose url resolved https://registry.npmjs.org/tar
23 verbose request where is https://registry.npmjs.org/tar
24 info trying registry request attempt 1 at 09:33:59
25 verbose etag "73MDX3KOITDUJBRE47MFTOSZ3"
26 http GET https://registry.npmjs.org/tar
27 http 200 https://registry.npmjs.org/tar
28 silly registry.get cb [ 200,
28 silly registry.get   { date: 'Tue, 30 Sep 2014 02:34:01 GMT',
28 silly registry.get     server: 'CouchDB/1.5.0 (Erlang OTP/R16B03)',
28 silly registry.get     etag: '"AHMPHQ3SFDOXFNJLEHOTKLD5N"',
28 silly registry.get     'content-type': 'application/json',
28 silly registry.get     'cache-control': 'max-age=60',
28 silly registry.get     'content-length': '21446',
28 silly registry.get     'accept-ranges': 'bytes',
28 silly registry.get     via: '1.1 varnish',
28 silly registry.get     age: '556',
28 silly registry.get     'x-served-by': 'cache-lax1427-LAX',
28 silly registry.get     'x-cache': 'HIT',
28 silly registry.get     'x-cache-hits': '1',
28 silly registry.get     'x-timer': 'S1412044440.987171,VS0,VE40',
28 silly registry.get     vary: 'Accept',
28 silly registry.get     'keep-alive': 'timeout=10, max=50',
28 silly registry.get     connection: 'Keep-Alive' } ]
29 silly addNameRange number 2 { name: 'tar', range: '*', hasData: true }
30 silly addNameRange versions [ 'tar',
30 silly addNameRange   [ '0.0.1',
30 silly addNameRange     '0.1.0',
30 silly addNameRange     '0.1.2',
30 silly addNameRange     '0.1.3',
30 silly addNameRange     '0.1.4',
30 silly addNameRange     '0.1.5',
30 silly addNameRange     '0.1.6',
30 silly addNameRange     '0.1.7',
30 silly addNameRange     '0.1.8',
30 silly addNameRange     '0.1.9',
30 silly addNameRange     '0.1.10',
30 silly addNameRange     '0.1.11',
30 silly addNameRange     '0.1.12',
30 silly addNameRange     '0.1.13',
30 silly addNameRange     '0.1.14',
30 silly addNameRange     '0.1.15',
30 silly addNameRange     '0.1.16',
30 silly addNameRange     '0.1.17',
30 silly addNameRange     '0.1.18',
30 silly addNameRange     '0.1.19',
30 silly addNameRange     '0.1.20',
30 silly addNameRange     '1.0.0',
30 silly addNameRange     '1.0.1' ] ]
31 verbose addNamed [ 'tar', '1.0.1' ]
32 verbose addNamed [ '1.0.1', '1.0.1' ]
33 silly lockFile 6a3d95f8-tar-1-0-1 tar@1.0.1
34 verbose lock tar@1.0.1 /home/untung/.npm/6a3d95f8-tar-1-0-1.lock
35 silly lockFile 6e1f7b4e-stry-npmjs-org-tar-tar-1-0-1-tgz https://registry.npmjs.org/tar/-/tar-1.0.1.tgz
36 verbose lock https://registry.npmjs.org/tar/-/tar-1.0.1.tgz /home/untung/.npm/6e1f7b4e-stry-npmjs-org-tar-tar-1-0-1-tgz.lock
37 verbose addRemoteTarball [ 'https://registry.npmjs.org/tar/-/tar-1.0.1.tgz',
37 verbose addRemoteTarball   '6075b5a1f236defe0c7e3756d3d9b3ebdad0f19a' ]
38 info retry fetch attempt 1 at 09:34:01
39 verbose fetch to= /tmp/npm-7604-YpHn-8hW/registry.npmjs.org/tar/-/tar-1.0.1.tgz
40 http GET https://registry.npmjs.org/tar/-/tar-1.0.1.tgz
41 http 200 https://registry.npmjs.org/tar/-/tar-1.0.1.tgz
42 silly lockFile 6e1f7b4e-stry-npmjs-org-tar-tar-1-0-1-tgz https://registry.npmjs.org/tar/-/tar-1.0.1.tgz
43 silly lockFile 6e1f7b4e-stry-npmjs-org-tar-tar-1-0-1-tgz https://registry.npmjs.org/tar/-/tar-1.0.1.tgz
44 silly lockFile 6a3d95f8-tar-1-0-1 tar@1.0.1
45 silly lockFile 6a3d95f8-tar-1-0-1 tar@1.0.1
46 silly lockFile b109c9a3-tar tar@
47 silly lockFile b109c9a3-tar tar@
48 error Error: EACCES, mkdir '/home/untung/.npm/tar/1.0.1'
48 error  { [Error: EACCES, mkdir '/home/untung/.npm/tar/1.0.1'] errno: 3, code: 'EACCES', path: '/home/untung/.npm/tar/1.0.1' }
49 error Please try running this command again as root/Administrator.
50 error System Linux 3.13.0-35-generic
51 error command "/usr/bin/node" "/usr/bin/npm" "install" "tar"
52 error cwd /data/project/node/Stream-Adventure
53 error node -v v0.10.32
54 error npm -v 1.4.28
55 error path /home/untung/.npm/tar/1.0.1
56 error code EACCES
57 error errno 3
58 error stack Error: EACCES, mkdir '/home/untung/.npm/tar/1.0.1'
59 verbose exit [ 3, true ]
